<?xml version="1.0" encoding="UTF-8"?>
<testsuite xmlns:xsi="http://www.w3.org/2001/XMLSchema-instance" xsi:noNamespaceSchemaLocation="https://maven.apache.org/surefire/maven-surefire-plugin/xsd/surefire-test-report-3.0.xsd" version="3.0" name="com.ecs160.hw1.BasicAnalyzerTest" time="0.039" tests="5" errors="0" skipped="0" failures="0">
  <properties>
[...]
</properties>
  <testcase name="testEmptyPosts" classname="com.ecs160.hw1.BasicAnalyzerTest" time="0.013">
    <system-out><![CDATA[Total posts: 0
Average number of replies per post: NaN
Average duration between replies: 00:00:00
]]></system-out>
  </testcase>
  <testcase name="testMultiplePostsWithReplies" classname="com.ecs160.hw1.BasicAnalyzerTest" time="0.002">
    <system-out><![CDATA[Total posts: 2
Average number of replies per post: 1.50
Average duration between replies: 00:30:00
]]></system-out>
  </testcase>
  <testcase name="testPostWithReplies" classname="com.ecs160.hw1.BasicAnalyzerTest" time="0.001">
    <system-out><![CDATA[Total posts: 1
Average number of replies per post: 2.00
Average duration between replies: 00:30:00
]]></system-out>
  </testcase>
  <testcase name="testSinglePostNoReplies" classname="com.ecs160.hw1.BasicAnalyzerTest" time="0">
    <system-out><![CDATA[Total posts: 1
Average number of replies per post: 0.00
Average duration between replies: 00:00:00
]]></system-out>
  </testcase>
  <testcase name="testPostWithTimestampedReplies" classname="com.ecs160.hw1.BasicAnalyzerTest" time="0">
    <system-out><![CDATA[Total posts: 1
Average number of replies per post: 3.00
Average duration between replies: 00:22:30
]]></system-out>
  </testcase>
</testsuite>